[25-Apr-2025 02:46:34 Europe/Berlin] REQUEST DATA: Array
(
    [approve_request] => 1
    [request_id] => 0
)

[25-Apr-2025 02:46:34 Europe/Berlin] SESSION DATA: Array
(
    [auth_verified] => 1
    [admin] => admin
)

[25-Apr-2025 02:46:34 Europe/Berlin] Invalid request_id value: 0
[25-Apr-2025 02:46:34 Europe/Berlin] Approval error: Invalid request ID
[25-Apr-2025 03:06:25 Europe/Berlin] REQUEST DATA: Array
(
    [approve_request] => 1
    [request_id] => 0
)

[25-Apr-2025 03:06:25 Europe/Berlin] SESSION DATA: Array
(
    [auth_verified] => 1
    [admin] => admin
)

[25-Apr-2025 03:06:25 Europe/Berlin] Processing request ID: 0 (type: integer)
[25-Apr-2025 03:06:25 Europe/Berlin] Invalid request_id value: 0
[25-Apr-2025 03:06:25 Europe/Berlin] Approval error: Invalid request ID: must be a positive number
[25-Apr-2025 03:06:29 Europe/Berlin] REQUEST DATA: Array
(
    [approve_request] => 1
    [request_id] => 0
)

[25-Apr-2025 03:06:29 Europe/Berlin] SESSION DATA: Array
(
    [auth_verified] => 1
    [admin] => admin
)

[25-Apr-2025 03:06:29 Europe/Berlin] Processing request ID: 0 (type: integer)
[25-Apr-2025 03:06:29 Europe/Berlin] Invalid request_id value: 0
[25-Apr-2025 03:06:29 Europe/Berlin] Approval error: Invalid request ID: must be a positive number
[25-Apr-2025 03:23:25 Europe/Berlin] REQUEST DATA: Array
(
    [approve_request] => 1
    [request_id] => 1
)

[25-Apr-2025 03:23:25 Europe/Berlin] SESSION DATA: Array
(
    [auth_verified] => 1
    [admin] => admin
)

[25-Apr-2025 03:23:25 Europe/Berlin] Processing request ID: 1 (type: integer)
[25-Apr-2025 03:23:25 Europe/Berlin] Using Admin ID: 1 for approval
[25-Apr-2025 03:23:25 Europe/Berlin] Retrieved reservation data - Lab: 517, PC: 9
[25-Apr-2025 03:23:25 Europe/Berlin] Approval successful for reservation #1 by admin: admin (ID: 1)
[25-Apr-2025 03:34:48 Europe/Berlin] REQUEST DATA: Array
(
    [approve_request] => 1
    [request_id] => 2
)

[25-Apr-2025 03:34:48 Europe/Berlin] SESSION DATA: Array
(
    [auth_verified] => 1
    [admin] => admin
)

[25-Apr-2025 03:34:48 Europe/Berlin] Processing request ID: 2 (type: integer)
[25-Apr-2025 03:34:48 Europe/Berlin] Using Admin ID: 1 for approval
[25-Apr-2025 03:34:48 Europe/Berlin] Retrieved reservation data - Lab: 517, PC: 8
[25-Apr-2025 03:34:48 Europe/Berlin] Approval successful for reservation #2 by admin: admin (ID: 1)
[25-Apr-2025 03:52:06 Europe/Berlin] REQUEST DATA: Array
(
    [approve_request] => 1
    [request_id] => 2
)

[25-Apr-2025 03:52:06 Europe/Berlin] SESSION DATA: Array
(
    [auth_verified] => 1
    [admin] => admin
)

[25-Apr-2025 03:52:06 Europe/Berlin] Processing request ID: 2 (type: integer)
[25-Apr-2025 03:52:06 Europe/Berlin] Using Admin ID: 1 for approval
[25-Apr-2025 03:52:06 Europe/Berlin] Retrieved reservation data - Lab: 517, PC: 6
[25-Apr-2025 03:52:06 Europe/Berlin] Approval successful for reservation #2 by admin: admin (ID: 1)
[25-Apr-2025 04:36:16 Europe/Berlin] REQUEST DATA: Array
(
    [approve_request] => 1
    [request_id] => 1
)

[25-Apr-2025 04:36:16 Europe/Berlin] SESSION DATA: Array
(
    [auth_verified] => 1
    [admin] => admin
)

[25-Apr-2025 04:36:16 Europe/Berlin] Processing request ID: 1 (type: integer)
[25-Apr-2025 04:36:16 Europe/Berlin] Using Admin ID: 1 for approval
[25-Apr-2025 04:36:16 Europe/Berlin] Retrieved user_id: 1 for reservation: 1
[25-Apr-2025 04:36:16 Europe/Berlin] Successfully deducted session credit for user ID: 1
[25-Apr-2025 04:36:16 Europe/Berlin] Retrieved reservation data - Lab: 544, PC: 20
[25-Apr-2025 04:36:16 Europe/Berlin] Approval successful for reservation #1 by admin: admin (ID: 1)
[25-Apr-2025 04:55:59 Europe/Berlin] REQUEST DATA: Array
(
    [approve_request] => 1
    [request_id] => 2
)

[25-Apr-2025 04:55:59 Europe/Berlin] SESSION DATA: Array
(
    [auth_verified] => 1
    [admin] => admin
)

[25-Apr-2025 04:55:59 Europe/Berlin] Processing request ID: 2 (type: integer)
[25-Apr-2025 04:55:59 Europe/Berlin] Using Admin ID: 1 for approval
[25-Apr-2025 04:55:59 Europe/Berlin] Retrieved user_id: 11 for reservation: 2
[25-Apr-2025 04:55:59 Europe/Berlin] Successfully deducted session credit for user ID: 11
[25-Apr-2025 04:55:59 Europe/Berlin] Retrieved reservation data - Lab: 517, PC: 4
[25-Apr-2025 04:55:59 Europe/Berlin] Approval successful for reservation #2 by admin: admin (ID: 1)
[25-Apr-2025 05:00:41 Europe/Berlin] REQUEST DATA: Array
(
    [approve_request] => 1
    [request_id] => 3
)

[25-Apr-2025 05:00:41 Europe/Berlin] SESSION DATA: Array
(
    [auth_verified] => 1
    [admin] => admin
)

[25-Apr-2025 05:00:41 Europe/Berlin] Processing request ID: 3 (type: integer)
[25-Apr-2025 05:00:41 Europe/Berlin] Using Admin ID: 1 for approval
[25-Apr-2025 05:00:41 Europe/Berlin] Retrieved user_id: 1 for reservation: 3
[25-Apr-2025 05:00:41 Europe/Berlin] Successfully deducted session credit for user ID: 1
[25-Apr-2025 05:00:41 Europe/Berlin] Retrieved reservation data - Lab: 544, PC: 27
[25-Apr-2025 05:00:41 Europe/Berlin] Approval successful for reservation #3 by admin: admin (ID: 1)
[25-Apr-2025 06:28:30 Europe/Berlin] REQUEST DATA (disapprove): Array
(
    [disapprove_request] => 1
    [request_id] => 4
    [reason] => Conflicting schedule
)

[25-Apr-2025 06:28:30 Europe/Berlin] SESSION DATA: Array
(
    [auth_verified] => 1
    [admin] => admin
)

[25-Apr-2025 06:28:30 Europe/Berlin] Processing disapproval request ID: 4 (type: integer)
[25-Apr-2025 06:28:30 Europe/Berlin] Using Admin ID: 1 for disapproval
[25-Apr-2025 06:28:30 Europe/Berlin] Disapproval successful for reservation #4 by admin: admin (ID: 1) with reason: Conflicting schedule
[25-Apr-2025 06:28:53 Europe/Berlin] REQUEST DATA: Array
(
    [approve_request] => 1
    [request_id] => 5
)

[25-Apr-2025 06:28:53 Europe/Berlin] SESSION DATA: Array
(
    [auth_verified] => 1
    [admin] => admin
)

[25-Apr-2025 06:28:53 Europe/Berlin] Processing request ID: 5 (type: integer)
[25-Apr-2025 06:28:53 Europe/Berlin] Using Admin ID: 1 for approval
[25-Apr-2025 06:28:53 Europe/Berlin] Retrieved user_id: 2 for reservation: 5
[25-Apr-2025 06:28:53 Europe/Berlin] Successfully deducted session credit for user ID: 2
[25-Apr-2025 06:28:53 Europe/Berlin] Retrieved reservation data - Lab: 524, PC: 10
[25-Apr-2025 06:28:53 Europe/Berlin] Approval successful for reservation #5 by admin: admin (ID: 1)
[25-Apr-2025 06:29:17 Europe/Berlin] REQUEST DATA: Array
(
    [approve_request] => 1
    [request_id] => 6
)

[25-Apr-2025 06:29:17 Europe/Berlin] SESSION DATA: Array
(
    [auth_verified] => 1
    [admin] => admin
)

[25-Apr-2025 06:29:17 Europe/Berlin] Processing request ID: 6 (type: integer)
[25-Apr-2025 06:29:17 Europe/Berlin] Using Admin ID: 1 for approval
[25-Apr-2025 06:29:17 Europe/Berlin] Retrieved user_id: 3 for reservation: 6
[25-Apr-2025 06:29:17 Europe/Berlin] Successfully deducted session credit for user ID: 3
[25-Apr-2025 06:29:17 Europe/Berlin] Retrieved reservation data - Lab: 544, PC: 27
[25-Apr-2025 06:29:17 Europe/Berlin] Approval successful for reservation #6 by admin: admin (ID: 1)
[25-Apr-2025 06:44:13 Europe/Berlin] REQUEST DATA: Array
(
    [approve_request] => 1
    [request_id] => 7
)

[25-Apr-2025 06:44:13 Europe/Berlin] SESSION DATA: Array
(
    [auth_verified] => 1
    [admin] => admin
)

[25-Apr-2025 06:44:13 Europe/Berlin] Processing request ID: 7 (type: integer)
[25-Apr-2025 06:44:13 Europe/Berlin] Using Admin ID: 1 for approval
[25-Apr-2025 06:44:13 Europe/Berlin] Retrieved user_id: 5 for reservation: 7
[25-Apr-2025 06:44:13 Europe/Berlin] Successfully deducted session credit for user ID: 5
[25-Apr-2025 06:44:13 Europe/Berlin] Retrieved reservation data - Lab: 517, PC: 44, Date: 2025-04-30, Time: 11:00:00
[25-Apr-2025 06:44:13 Europe/Berlin] Setting PC to RESERVED - reservation is for the future
[25-Apr-2025 06:44:13 Europe/Berlin] Approval successful for reservation #7 by admin: admin (ID: 1)
